vti_encoding:SR|utf8-nl
vti_syncwith_www.srv.net\:21:TR|16 Feb 2000 02:11:54 -0000
vti_syncofs_www.srv.net\:21:TW|17 Jan 2001 16:11:00 -0000
vti_syncwith_www.riviera-apts.com\:21:TR|18 Jan 2001 17:58:26 -0000
vti_syncwith_ftp.srv.net\:21/public_html:TR|16 Feb 2000 02:11:54 -0000
vti_syncwith_www.riviera-apts.com\:80:TR|18 Jan 2001 17:58:26 -0000
vti_syncofs_ftp.srv.net\:21/home/mdbird:TW|17 Jan 2001 20:31:00 -0000
vti_syncofs_www.riviera-apts.com\:21:TW|26 Feb 2001 14:50:00 -0000
vti_syncofs_ftp.srv.net\:21/public_html:TW|17 Jan 2001 20:37:00 -0000
vti_syncwith_ftp.srv.net\:21/home/mdbird:TR|16 Feb 2000 02:11:54 -0000
vti_syncwith_www.srv.net\:21/mdbird/public_html:TR|16 Feb 2000 02:11:54 -0000
vti_timelastmodified:TR|18 Jan 2001 17:58:26 -0000
vti_syncofs_www.srv.net\:21/mdbird/public_html:TW|15 Feb 2000 19:39:00 -0000
vti_author:SR|mdbird
vti_modifiedby:SR|mdbird
vti_nexttolasttimemodified:TR|18 Jan 2001 17:58:26 -0000
vti_timecreated:TR|10 Dec 2002 01:38:38 -0000
vti_extenderversion:SR|5.0.2.2623
vti_syncwith_localhost\\c\:\\my webs\\my webs\\riviera/c\:/my webs/my webs/riviera:TR|18 Jan 2001 17:58:26 -0000
2000.01.20 14:19 B E:\\MY WEBS\\RIVIERA\\_themes\\_vti_cnf\\themes.inf --> snake.srv.net /home/mdbird/public_html/_themes/_vti_cnf themes.inf
2000.02.15 19:10 A E:
2000.01.30 17:48 A E:
2000.01.31 17:12 A E:
2000.02.15 18:25 A E:
2000.01.22 14:14 A E:
2000.01.23 16:46 A E:
2001.01.17 21:43 A C:
2001.01.18 10:58 B C:
2000.01.24 23:42 A E:
2000.02.15 17:01 A E:
2000.01.24 19:55 A E:
vti_backlinkinfo:VX|
vti_syncwith_localhost\\c\:\\my webs\\riviera/c\:/my webs/riviera:TR|18 Jan 2001 16:58:26 -0000
vti_syncwith_riviera-aptscom.powweb.com\:80:TR|18 Jan 2001 17:58:26 -0000
vti_syncwith_riviera-apts.com\:80:TR|18 Jan 2001 17:58:26 -0000
vti_cacheddtm:TX|10 Feb 2004 22:13:03 -0000
vti_filesize:IR|2856
