2000.01.20 14:20 B E:\MY WEBS\RIVIERA\_themes\themes.inf --> snake.srv.net /home/mdbird/public_html/_themes themes.inf
2000.01.22 14:16 A E:\MY WEBS\RIVIERA\_themes\WS_FTP.LOG --> snake.srv.net /home/mdbird/public_html/_themes WS_FTP.LOG
2000.01.23 16:46 A E:\MY WEBS\RIVIERA\_themes\WS_FTP.LOG --> snake.srv.net /home/mdbird/public_html/_themes WS_FTP.LOG
2000.01.24 19:18 A E:\MY WEBS\RIVIERA\_themes\WS_FTP.LOG --> snake.srv.net /home/mdbird/public_html/_themes WS_FTP.LOG
2000.01.24 19:38 A E:\MY WEBS\RIVIERA\_themes\WS_FTP.LOG --> snake.srv.net /home/mdbird/public_html/_themes WS_FTP.LOG
2000.01.24 19:48 A E:\MY WEBS\RIVIERA\_themes\WS_FTP.LOG --> snake.srv.net /home/mdbird/public_html/_themes WS_FTP.LOG
2000.01.24 19:56 A E:\MY WEBS\RIVIERA\_themes\WS_FTP.LOG --> snake.srv.net /home/mdbird/public_html/_themes WS_FTP.LOG
2000.01.24 23:43 A E:\MY WEBS\RIVIERA\_themes\WS_FTP.LOG --> snake.srv.net /home/mdbird/public_html/_themes WS_FTP.LOG
2000.01.30 17:48 A E:\MY WEBS\RIVIERA\_themes\WS_FTP.LOG --> snake.srv.net /home/mdbird/public_html/_themes WS_FTP.LOG
2000.01.31 17:12 A E:\MY WEBS\RIVIERA\_themes\WS_FTP.LOG --> snake.srv.net /home/mdbird/public_html/_themes WS_FTP.LOG
2000.02.15 17:02 A E:\MY WEBS\RIVIERA\_themes\WS_FTP.LOG --> snake.srv.net /home/mdbird/public_html/_themes WS_FTP.LOG
2000.02.15 18:01 A E:\MY WEBS\RIVIERA\_themes\WS_FTP.LOG --> snake.srv.net /home/mdbird/public_html/_themes WS_FTP.LOG
2000.02.15 18:25 A E:\MY WEBS\RIVIERA\_themes\WS_FTP.LOG --> snake.srv.net /home/mdbird/public_html/_themes WS_FTP.LOG
2000.02.15 19:11 A E:\MY WEBS\RIVIERA\_themes\themes.inf --> snake.srv.net /home/mdbird/public_html/_themes themes.inf
2000.02.15 19:11 A E:\MY WEBS\RIVIERA\_themes\WS_FTP.LOG --> snake.srv.net /home/mdbird/public_html/_themes WS_FTP.LOG
2001.01.17 21:17 A C:\my webs\MY WEBS\RIVIERA\_themes\themes.inf --> ftp.srv.net /home/mdbird/RIVIERA/_themes themes.inf
2001.01.17 21:17 A C:\my webs\MY WEBS\RIVIERA\_themes\WS_FTP.LOG --> ftp.srv.net /home/mdbird/RIVIERA/_themes WS_FTP.LOG
2001.01.17 21:17 A C:\my webs\MY WEBS\RIVIERA\_themes\xferlog.txt --> ftp.srv.net /home/mdbird/RIVIERA/_themes xferlog.txt
2001.01.17 21:44 B C:\my webs\MY WEBS\RIVIERA\_themes\themes.inf --> ftp.srv.net /home/mdbird/_themes themes.inf
2001.01.17 21:44 B C:\my webs\MY WEBS\RIVIERA\_themes\WS_FTP.LOG --> ftp.srv.net /home/mdbird/_themes WS_FTP.LOG
2001.01.17 21:44 A C:\my webs\MY WEBS\RIVIERA\_themes\xferlog.txt --> ftp.srv.net /home/mdbird/_themes xferlog.txt
2001.01.18 10:49 B C:\my webs\MY WEBS\RIVIERA\_themes\WS_FTP.LOG --> ftp.srv.net /home/mdbird/_themes WS_FTP.LOG
2001.01.18 10:58 B C:\my webs\MY WEBS\RIVIERA\_themes\WS_FTP.LOG --> ftp.srv.net /home/mdbird/_themes WS_FTP.LOG
2001.01.18 10:58 B C:\my webs\MY WEBS\RIVIERA\_themes\xferlog.txt --> ftp.srv.net /home/mdbird/_themes xferlog.txt
