2000.01.24 19:55 A E:\MY WEBS\RIVIERA\_themes\cactus\cacbana.gif --> snake.srv.net /home/mdbird/public_html/_themes/cactus cacbana.gif
2000.01.24 19:56 A E:\MY WEBS\RIVIERA\_themes\cactus\cacband.gif --> snake.srv.net /home/mdbird/public_html/_themes/cactus cacband.gif
2000.01.24 19:56 A E:\MY WEBS\RIVIERA\_themes\cactus\cacbul1a.gif --> snake.srv.net /home/mdbird/public_html/_themes/cactus cacbul1a.gif
2000.01.24 19:56 A E:\MY WEBS\RIVIERA\_themes\cactus\cacbul1d.gif --> snake.srv.net /home/mdbird/public_html/_themes/cactus cacbul1d.gif
2000.01.24 19:56 A E:\MY WEBS\RIVIERA\_themes\cactus\cacbul2a.gif --> snake.srv.net /home/mdbird/public_html/_themes/cactus cacbul2a.gif
2000.01.24 19:56 A E:\MY WEBS\RIVIERA\_themes\cactus\cacbul2d.gif --> snake.srv.net /home/mdbird/public_html/_themes/cactus cacbul2d.gif
2000.01.24 19:56 A E:\MY WEBS\RIVIERA\_themes\cactus\cacbul3a.gif --> snake.srv.net /home/mdbird/public_html/_themes/cactus cacbul3a.gif
2000.01.24 19:56 A E:\MY WEBS\RIVIERA\_themes\cactus\cacbul3d.gif --> snake.srv.net /home/mdbird/public_html/_themes/cactus cacbul3d.gif
2000.01.24 19:56 A E:\MY WEBS\RIVIERA\_themes\cactus\cacglobd.gif --> snake.srv.net /home/mdbird/public_html/_themes/cactus cacglobd.gif
2000.01.24 19:56 A E:\MY WEBS\RIVIERA\_themes\cactus\cachoma.gif --> snake.srv.net /home/mdbird/public_html/_themes/cactus cachoma.gif
2000.01.24 19:56 A E:\MY WEBS\RIVIERA\_themes\cactus\cachomd.gif --> snake.srv.net /home/mdbird/public_html/_themes/cactus cachomd.gif
2000.01.24 19:56 A E:\MY WEBS\RIVIERA\_themes\cactus\cachome.gif --> snake.srv.net /home/mdbird/public_html/_themes/cactus cachome.gif
2000.01.24 19:56 A E:\MY WEBS\RIVIERA\_themes\cactus\cachomh.gif --> snake.srv.net /home/mdbird/public_html/_themes/cactus cachomh.gif
2000.01.24 19:56 A E:\MY WEBS\RIVIERA\_themes\cactus\cacnavha.gif --> snake.srv.net /home/mdbird/public_html/_themes/cactus cacnavha.gif
2000.01.24 19:56 A E:\MY WEBS\RIVIERA\_themes\cactus\cacnavhd.gif --> snake.srv.net /home/mdbird/public_html/_themes/cactus cacnavhd.gif
2000.01.24 19:56 A E:\MY WEBS\RIVIERA\_themes\cactus\cacnavhe.gif --> snake.srv.net /home/mdbird/public_html/_themes/cactus cacnavhe.gif
2000.01.24 19:56 A E:\MY WEBS\RIVIERA\_themes\cactus\cacnavhh.gif --> snake.srv.net /home/mdbird/public_html/_themes/cactus cacnavhh.gif
2000.01.24 19:56 A E:\MY WEBS\RIVIERA\_themes\cactus\cacnavhs.gif --> snake.srv.net /home/mdbird/public_html/_themes/cactus cacnavhs.gif
2000.01.24 19:56 A E:\MY WEBS\RIVIERA\_themes\cactus\cacnavva.gif --> snake.srv.net /home/mdbird/public_html/_themes/cactus cacnavva.gif
2000.01.24 19:56 A E:\MY WEBS\RIVIERA\_themes\cactus\cacnavvd.gif --> snake.srv.net /home/mdbird/public_html/_themes/cactus cacnavvd.gif
2000.01.24 19:56 A E:\MY WEBS\RIVIERA\_themes\cactus\cacnavve.gif --> snake.srv.net /home/mdbird/public_html/_themes/cactus cacnavve.gif
2000.01.24 19:56 A E:\MY WEBS\RIVIERA\_themes\cactus\cacnavvh.gif --> snake.srv.net /home/mdbird/public_html/_themes/cactus cacnavvh.gif
2000.01.24 19:56 A E:\MY WEBS\RIVIERA\_themes\cactus\cacnavvs.gif --> snake.srv.net /home/mdbird/public_html/_themes/cactus cacnavvs.gif
2000.01.24 19:56 A E:\MY WEBS\RIVIERA\_themes\cactus\cacnxta.gif --> snake.srv.net /home/mdbird/public_html/_themes/cactus cacnxta.gif
2000.01.24 19:56 A E:\MY WEBS\RIVIERA\_themes\cactus\cacnxtd.gif --> snake.srv.net /home/mdbird/public_html/_themes/cactus cacnxtd.gif
2000.01.24 19:56 A E:\MY WEBS\RIVIERA\_themes\cactus\cacnxte.gif --> snake.srv.net /home/mdbird/public_html/_themes/cactus cacnxte.gif
2000.01.24 19:56 A E:\MY WEBS\RIVIERA\_themes\cactus\cacnxth.gif --> snake.srv.net /home/mdbird/public_html/_themes/cactus cacnxth.gif
2000.01.24 19:56 A E:\MY WEBS\RIVIERA\_themes\cactus\cacprea.gif --> snake.srv.net /home/mdbird/public_html/_themes/cactus cacprea.gif
2000.01.24 19:56 A E:\MY WEBS\RIVIERA\_themes\cactus\cacpred.gif --> snake.srv.net /home/mdbird/public_html/_themes/cactus cacpred.gif
2000.01.24 19:56 A E:\MY WEBS\RIVIERA\_themes\cactus\cacpree.gif --> snake.srv.net /home/mdbird/public_html/_themes/cactus cacpree.gif
2000.01.24 19:56 A E:\MY WEBS\RIVIERA\_themes\cactus\cacpreh.gif --> snake.srv.net /home/mdbird/public_html/_themes/cactus cacpreh.gif
2000.01.24 19:56 A E:\MY WEBS\RIVIERA\_themes\cactus\cacrulea.gif --> snake.srv.net /home/mdbird/public_html/_themes/cactus cacrulea.gif
2000.01.24 19:56 A E:\MY WEBS\RIVIERA\_themes\cactus\cacruled.gif --> snake.srv.net /home/mdbird/public_html/_themes/cactus cacruled.gif
2000.01.24 19:56 A E:\MY WEBS\RIVIERA\_themes\cactus\cactus.inf --> snake.srv.net /home/mdbird/public_html/_themes/cactus cactus.inf
2000.01.24 19:56 A E:\MY WEBS\RIVIERA\_themes\cactus\cactus.utf8 --> snake.srv.net /home/mdbird/public_html/_themes/cactus cactus.utf8
2000.01.24 19:56 A E:\MY WEBS\RIVIERA\_themes\cactus\cactxtr.gif --> snake.srv.net /home/mdbird/public_html/_themes/cactus cactxtr.gif
2000.01.24 19:56 A E:\MY WEBS\RIVIERA\_themes\cactus\cacupa.gif --> snake.srv.net /home/mdbird/public_html/_themes/cactus cacupa.gif
2000.01.24 19:56 A E:\MY WEBS\RIVIERA\_themes\cactus\cacupd.gif --> snake.srv.net /home/mdbird/public_html/_themes/cactus cacupd.gif
2000.01.24 19:56 A E:\MY WEBS\RIVIERA\_themes\cactus\cacupe.gif --> snake.srv.net /home/mdbird/public_html/_themes/cactus cacupe.gif
2000.01.24 19:56 A E:\MY WEBS\RIVIERA\_themes\cactus\cacuph.gif --> snake.srv.net /home/mdbird/public_html/_themes/cactus cacuph.gif
2000.01.24 19:56 A E:\MY WEBS\RIVIERA\_themes\cactus\color0.css --> snake.srv.net /home/mdbird/public_html/_themes/cactus color0.css
2000.01.24 19:56 A E:\MY WEBS\RIVIERA\_themes\cactus\color1.css --> snake.srv.net /home/mdbird/public_html/_themes/cactus color1.css
2000.01.24 19:56 A E:\MY WEBS\RIVIERA\_themes\cactus\custom.css --> snake.srv.net /home/mdbird/public_html/_themes/cactus custom.css
2000.01.24 19:56 A E:\MY WEBS\RIVIERA\_themes\cactus\graph0.css --> snake.srv.net /home/mdbird/public_html/_themes/cactus graph0.css
2000.01.24 19:56 A E:\MY WEBS\RIVIERA\_themes\cactus\graph1.css --> snake.srv.net /home/mdbird/public_html/_themes/cactus graph1.css
2000.01.24 19:56 A E:\MY WEBS\RIVIERA\_themes\cactus\theme.css --> snake.srv.net /home/mdbird/public_html/_themes/cactus theme.css
2000.01.24 23:43 A E:\MY WEBS\RIVIERA\_themes\cactus\WS_FTP.LOG --> snake.srv.net /home/mdbird/public_html/_themes/cactus WS_FTP.LOG
2000.01.30 17:48 A E:\MY WEBS\RIVIERA\_themes\cactus\WS_FTP.LOG --> snake.srv.net /home/mdbird/public_html/_themes/cactus WS_FTP.LOG
2000.01.31 17:12 A E:\MY WEBS\RIVIERA\_themes\cactus\WS_FTP.LOG --> snake.srv.net /home/mdbird/public_html/_themes/cactus WS_FTP.LOG
2000.02.15 17:02 A E:\MY WEBS\RIVIERA\_themes\cactus\WS_FTP.LOG --> snake.srv.net /home/mdbird/public_html/_themes/cactus WS_FTP.LOG
2000.02.15 18:01 A E:\MY WEBS\RIVIERA\_themes\cactus\WS_FTP.LOG --> snake.srv.net /home/mdbird/public_html/_themes/cactus WS_FTP.LOG
2000.02.15 18:25 A E:\MY WEBS\RIVIERA\_themes\cactus\WS_FTP.LOG --> snake.srv.net /home/mdbird/public_html/_themes/cactus WS_FTP.LOG
2000.02.15 19:11 A E:\MY WEBS\RIVIERA\_themes\cactus\cacbana.gif --> snake.srv.net /home/mdbird/public_html/_themes/cactus cacbana.gif
2000.02.15 19:11 A E:\MY WEBS\RIVIERA\_themes\cactus\cacband.gif --> snake.srv.net /home/mdbird/public_html/_themes/cactus cacband.gif
2000.02.15 19:11 A E:\MY WEBS\RIVIERA\_themes\cactus\cacbul1a.gif --> snake.srv.net /home/mdbird/public_html/_themes/cactus cacbul1a.gif
2000.02.15 19:11 A E:\MY WEBS\RIVIERA\_themes\cactus\cacbul1d.gif --> snake.srv.net /home/mdbird/public_html/_themes/cactus cacbul1d.gif
2000.02.15 19:11 A E:\MY WEBS\RIVIERA\_themes\cactus\cacbul2a.gif --> snake.srv.net /home/mdbird/public_html/_themes/cactus cacbul2a.gif
2000.02.15 19:11 A E:\MY WEBS\RIVIERA\_themes\cactus\cacbul2d.gif --> snake.srv.net /home/mdbird/public_html/_themes/cactus cacbul2d.gif
2000.02.15 19:11 A E:\MY WEBS\RIVIERA\_themes\cactus\cacbul3a.gif --> snake.srv.net /home/mdbird/public_html/_themes/cactus cacbul3a.gif
2000.02.15 19:11 A E:\MY WEBS\RIVIERA\_themes\cactus\cacbul3d.gif --> snake.srv.net /home/mdbird/public_html/_themes/cactus cacbul3d.gif
2000.02.15 19:11 A E:\MY WEBS\RIVIERA\_themes\cactus\cacglobd.gif --> snake.srv.net /home/mdbird/public_html/_themes/cactus cacglobd.gif
2000.02.15 19:11 A E:\MY WEBS\RIVIERA\_themes\cactus\cachoma.gif --> snake.srv.net /home/mdbird/public_html/_themes/cactus cachoma.gif
2000.02.15 19:11 A E:\MY WEBS\RIVIERA\_themes\cactus\cachomd.gif --> snake.srv.net /home/mdbird/public_html/_themes/cactus cachomd.gif
2000.02.15 19:11 A E:\MY WEBS\RIVIERA\_themes\cactus\cachome.gif --> snake.srv.net /home/mdbird/public_html/_themes/cactus cachome.gif
2000.02.15 19:11 A E:\MY WEBS\RIVIERA\_themes\cactus\cachomh.gif --> snake.srv.net /home/mdbird/public_html/_themes/cactus cachomh.gif
2000.02.15 19:11 A E:\MY WEBS\RIVIERA\_themes\cactus\cacnavha.gif --> snake.srv.net /home/mdbird/public_html/_themes/cactus cacnavha.gif
2000.02.15 19:11 A E:\MY WEBS\RIVIERA\_themes\cactus\cacnavhd.gif --> snake.srv.net /home/mdbird/public_html/_themes/cactus cacnavhd.gif
2000.02.15 19:11 A E:\MY WEBS\RIVIERA\_themes\cactus\cacnavhe.gif --> snake.srv.net /home/mdbird/public_html/_themes/cactus cacnavhe.gif
2000.02.15 19:11 A E:\MY WEBS\RIVIERA\_themes\cactus\cacnavhh.gif --> snake.srv.net /home/mdbird/public_html/_themes/cactus cacnavhh.gif
2000.02.15 19:11 A E:\MY WEBS\RIVIERA\_themes\cactus\cacnavhs.gif --> snake.srv.net /home/mdbird/public_html/_themes/cactus cacnavhs.gif
2000.02.15 19:11 A E:\MY WEBS\RIVIERA\_themes\cactus\cacnavva.gif --> snake.srv.net /home/mdbird/public_html/_themes/cactus cacnavva.gif
2000.02.15 19:11 A E:\MY WEBS\RIVIERA\_themes\cactus\cacnavvd.gif --> snake.srv.net /home/mdbird/public_html/_themes/cactus cacnavvd.gif
2000.02.15 19:11 A E:\MY WEBS\RIVIERA\_themes\cactus\cacnavve.gif --> snake.srv.net /home/mdbird/public_html/_themes/cactus cacnavve.gif
2000.02.15 19:11 A E:\MY WEBS\RIVIERA\_themes\cactus\cacnavvh.gif --> snake.srv.net /home/mdbird/public_html/_themes/cactus cacnavvh.gif
2000.02.15 19:11 A E:\MY WEBS\RIVIERA\_themes\cactus\cacnavvs.gif --> snake.srv.net /home/mdbird/public_html/_themes/cactus cacnavvs.gif
2000.02.15 19:11 A E:\MY WEBS\RIVIERA\_themes\cactus\cacnxta.gif --> snake.srv.net /home/mdbird/public_html/_themes/cactus cacnxta.gif
2000.02.15 19:11 A E:\MY WEBS\RIVIERA\_themes\cactus\cacnxtd.gif --> snake.srv.net /home/mdbird/public_html/_themes/cactus cacnxtd.gif
2000.02.15 19:11 A E:\MY WEBS\RIVIERA\_themes\cactus\cacnxte.gif --> snake.srv.net /home/mdbird/public_html/_themes/cactus cacnxte.gif
2000.02.15 19:11 A E:\MY WEBS\RIVIERA\_themes\cactus\cacnxth.gif --> snake.srv.net /home/mdbird/public_html/_themes/cactus cacnxth.gif
2000.02.15 19:11 A E:\MY WEBS\RIVIERA\_themes\cactus\cacprea.gif --> snake.srv.net /home/mdbird/public_html/_themes/cactus cacprea.gif
2000.02.15 19:11 A E:\MY WEBS\RIVIERA\_themes\cactus\cacpred.gif --> snake.srv.net /home/mdbird/public_html/_themes/cactus cacpred.gif
2000.02.15 19:11 A E:\MY WEBS\RIVIERA\_themes\cactus\cacpree.gif --> snake.srv.net /home/mdbird/public_html/_themes/cactus cacpree.gif
2000.02.15 19:11 A E:\MY WEBS\RIVIERA\_themes\cactus\cacpreh.gif --> snake.srv.net /home/mdbird/public_html/_themes/cactus cacpreh.gif
2000.02.15 19:11 A E:\MY WEBS\RIVIERA\_themes\cactus\cacrulea.gif --> snake.srv.net /home/mdbird/public_html/_themes/cactus cacrulea.gif
2000.02.15 19:11 A E:\MY WEBS\RIVIERA\_themes\cactus\cacruled.gif --> snake.srv.net /home/mdbird/public_html/_themes/cactus cacruled.gif
2000.02.15 19:11 A E:\MY WEBS\RIVIERA\_themes\cactus\cactus.inf --> snake.srv.net /home/mdbird/public_html/_themes/cactus cactus.inf
2000.02.15 19:11 A E:\MY WEBS\RIVIERA\_themes\cactus\cactus.utf8 --> snake.srv.net /home/mdbird/public_html/_themes/cactus cactus.utf8
2000.02.15 19:11 A E:\MY WEBS\RIVIERA\_themes\cactus\cactxtr.gif --> snake.srv.net /home/mdbird/public_html/_themes/cactus cactxtr.gif
2000.02.15 19:11 A E:\MY WEBS\RIVIERA\_themes\cactus\cacupa.gif --> snake.srv.net /home/mdbird/public_html/_themes/cactus cacupa.gif
2000.02.15 19:11 A E:\MY WEBS\RIVIERA\_themes\cactus\cacupd.gif --> snake.srv.net /home/mdbird/public_html/_themes/cactus cacupd.gif
2000.02.15 19:11 A E:\MY WEBS\RIVIERA\_themes\cactus\cacupe.gif --> snake.srv.net /home/mdbird/public_html/_themes/cactus cacupe.gif
2000.02.15 19:11 A E:\MY WEBS\RIVIERA\_themes\cactus\cacuph.gif --> snake.srv.net /home/mdbird/public_html/_themes/cactus cacuph.gif
2000.02.15 19:11 A E:\MY WEBS\RIVIERA\_themes\cactus\color0.css --> snake.srv.net /home/mdbird/public_html/_themes/cactus color0.css
2000.02.15 19:11 A E:\MY WEBS\RIVIERA\_themes\cactus\color1.css --> snake.srv.net /home/mdbird/public_html/_themes/cactus color1.css
2000.02.15 19:11 A E:\MY WEBS\RIVIERA\_themes\cactus\custom.css --> snake.srv.net /home/mdbird/public_html/_themes/cactus custom.css
2000.02.15 19:11 A E:\MY WEBS\RIVIERA\_themes\cactus\graph0.css --> snake.srv.net /home/mdbird/public_html/_themes/cactus graph0.css
2000.02.15 19:11 A E:\MY WEBS\RIVIERA\_themes\cactus\graph1.css --> snake.srv.net /home/mdbird/public_html/_themes/cactus graph1.css
2000.02.15 19:11 A E:\MY WEBS\RIVIERA\_themes\cactus\theme.css --> snake.srv.net /home/mdbird/public_html/_themes/cactus theme.css
2000.02.15 19:11 A E:\MY WEBS\RIVIERA\_themes\cactus\WS_FTP.LOG --> snake.srv.net /home/mdbird/public_html/_themes/cactus WS_FTP.LOG
2001.01.17 21:16 A C:\my webs\MY WEBS\RIVIERA\_themes\cactus\cacbana.gif --> ftp.srv.net /home/mdbird/RIVIERA/_themes/cactus cacbana.gif
2001.01.17 21:16 A C:\my webs\MY WEBS\RIVIERA\_themes\cactus\cacband.gif --> ftp.srv.net /home/mdbird/RIVIERA/_themes/cactus cacband.gif
2001.01.17 21:16 A C:\my webs\MY WEBS\RIVIERA\_themes\cactus\cacbul1a.gif --> ftp.srv.net /home/mdbird/RIVIERA/_themes/cactus cacbul1a.gif
2001.01.17 21:16 A C:\my webs\MY WEBS\RIVIERA\_themes\cactus\cacbul1d.gif --> ftp.srv.net /home/mdbird/RIVIERA/_themes/cactus cacbul1d.gif
2001.01.17 21:16 A C:\my webs\MY WEBS\RIVIERA\_themes\cactus\cacbul2a.gif --> ftp.srv.net /home/mdbird/RIVIERA/_themes/cactus cacbul2a.gif
2001.01.17 21:16 A C:\my webs\MY WEBS\RIVIERA\_themes\cactus\cacbul2d.gif --> ftp.srv.net /home/mdbird/RIVIERA/_themes/cactus cacbul2d.gif
2001.01.17 21:16 A C:\my webs\MY WEBS\RIVIERA\_themes\cactus\cacbul3a.gif --> ftp.srv.net /home/mdbird/RIVIERA/_themes/cactus cacbul3a.gif
2001.01.17 21:16 A C:\my webs\MY WEBS\RIVIERA\_themes\cactus\cacbul3d.gif --> ftp.srv.net /home/mdbird/RIVIERA/_themes/cactus cacbul3d.gif
2001.01.17 21:16 A C:\my webs\MY WEBS\RIVIERA\_themes\cactus\cacglobd.gif --> ftp.srv.net /home/mdbird/RIVIERA/_themes/cactus cacglobd.gif
2001.01.17 21:16 A C:\my webs\MY WEBS\RIVIERA\_themes\cactus\cachoma.gif --> ftp.srv.net /home/mdbird/RIVIERA/_themes/cactus cachoma.gif
2001.01.17 21:16 A C:\my webs\MY WEBS\RIVIERA\_themes\cactus\cachomd.gif --> ftp.srv.net /home/mdbird/RIVIERA/_themes/cactus cachomd.gif
2001.01.17 21:16 A C:\my webs\MY WEBS\RIVIERA\_themes\cactus\cachome.gif --> ftp.srv.net /home/mdbird/RIVIERA/_themes/cactus cachome.gif
2001.01.17 21:16 A C:\my webs\MY WEBS\RIVIERA\_themes\cactus\cachomh.gif --> ftp.srv.net /home/mdbird/RIVIERA/_themes/cactus cachomh.gif
2001.01.17 21:16 A C:\my webs\MY WEBS\RIVIERA\_themes\cactus\cacnavha.gif --> ftp.srv.net /home/mdbird/RIVIERA/_themes/cactus cacnavha.gif
2001.01.17 21:16 A C:\my webs\MY WEBS\RIVIERA\_themes\cactus\cacnavhd.gif --> ftp.srv.net /home/mdbird/RIVIERA/_themes/cactus cacnavhd.gif
2001.01.17 21:16 A C:\my webs\MY WEBS\RIVIERA\_themes\cactus\cacnavhe.gif --> ftp.srv.net /home/mdbird/RIVIERA/_themes/cactus cacnavhe.gif
2001.01.17 21:16 A C:\my webs\MY WEBS\RIVIERA\_themes\cactus\cacnavhh.gif --> ftp.srv.net /home/mdbird/RIVIERA/_themes/cactus cacnavhh.gif
2001.01.17 21:16 A C:\my webs\MY WEBS\RIVIERA\_themes\cactus\cacnavhs.gif --> ftp.srv.net /home/mdbird/RIVIERA/_themes/cactus cacnavhs.gif
2001.01.17 21:16 A C:\my webs\MY WEBS\RIVIERA\_themes\cactus\cacnavva.gif --> ftp.srv.net /home/mdbird/RIVIERA/_themes/cactus cacnavva.gif
2001.01.17 21:16 A C:\my webs\MY WEBS\RIVIERA\_themes\cactus\cacnavvd.gif --> ftp.srv.net /home/mdbird/RIVIERA/_themes/cactus cacnavvd.gif
2001.01.17 21:16 A C:\my webs\MY WEBS\RIVIERA\_themes\cactus\cacnavve.gif --> ftp.srv.net /home/mdbird/RIVIERA/_themes/cactus cacnavve.gif
2001.01.17 21:16 A C:\my webs\MY WEBS\RIVIERA\_themes\cactus\cacnavvh.gif --> ftp.srv.net /home/mdbird/RIVIERA/_themes/cactus cacnavvh.gif
2001.01.17 21:16 A C:\my webs\MY WEBS\RIVIERA\_themes\cactus\cacnavvs.gif --> ftp.srv.net /home/mdbird/RIVIERA/_themes/cactus cacnavvs.gif
2001.01.17 21:16 A C:\my webs\MY WEBS\RIVIERA\_themes\cactus\cacnxta.gif --> ftp.srv.net /home/mdbird/RIVIERA/_themes/cactus cacnxta.gif
2001.01.17 21:16 A C:\my webs\MY WEBS\RIVIERA\_themes\cactus\cacnxtd.gif --> ftp.srv.net /home/mdbird/RIVIERA/_themes/cactus cacnxtd.gif
2001.01.17 21:16 A C:\my webs\MY WEBS\RIVIERA\_themes\cactus\cacnxte.gif --> ftp.srv.net /home/mdbird/RIVIERA/_themes/cactus cacnxte.gif
2001.01.17 21:16 A C:\my webs\MY WEBS\RIVIERA\_themes\cactus\cacnxth.gif --> ftp.srv.net /home/mdbird/RIVIERA/_themes/cactus cacnxth.gif
2001.01.17 21:16 A C:\my webs\MY WEBS\RIVIERA\_themes\cactus\cacprea.gif --> ftp.srv.net /home/mdbird/RIVIERA/_themes/cactus cacprea.gif
2001.01.17 21:16 A C:\my webs\MY WEBS\RIVIERA\_themes\cactus\cacpred.gif --> ftp.srv.net /home/mdbird/RIVIERA/_themes/cactus cacpred.gif
2001.01.17 21:16 A C:\my webs\MY WEBS\RIVIERA\_themes\cactus\cacpree.gif --> ftp.srv.net /home/mdbird/RIVIERA/_themes/cactus cacpree.gif
2001.01.17 21:16 A C:\my webs\MY WEBS\RIVIERA\_themes\cactus\cacpreh.gif --> ftp.srv.net /home/mdbird/RIVIERA/_themes/cactus cacpreh.gif
2001.01.17 21:16 A C:\my webs\MY WEBS\RIVIERA\_themes\cactus\cacrulea.gif --> ftp.srv.net /home/mdbird/RIVIERA/_themes/cactus cacrulea.gif
2001.01.17 21:16 A C:\my webs\MY WEBS\RIVIERA\_themes\cactus\cacruled.gif --> ftp.srv.net /home/mdbird/RIVIERA/_themes/cactus cacruled.gif
2001.01.17 21:16 A C:\my webs\MY WEBS\RIVIERA\_themes\cactus\cactus.inf --> ftp.srv.net /home/mdbird/RIVIERA/_themes/cactus cactus.inf
2001.01.17 21:17 A C:\my webs\MY WEBS\RIVIERA\_themes\cactus\cactus.utf8 --> ftp.srv.net /home/mdbird/RIVIERA/_themes/cactus cactus.utf8
2001.01.17 21:17 A C:\my webs\MY WEBS\RIVIERA\_themes\cactus\cactxtr.gif --> ftp.srv.net /home/mdbird/RIVIERA/_themes/cactus cactxtr.gif
2001.01.17 21:17 A C:\my webs\MY WEBS\RIVIERA\_themes\cactus\cacupa.gif --> ftp.srv.net /home/mdbird/RIVIERA/_themes/cactus cacupa.gif
2001.01.17 21:17 A C:\my webs\MY WEBS\RIVIERA\_themes\cactus\cacupd.gif --> ftp.srv.net /home/mdbird/RIVIERA/_themes/cactus cacupd.gif
2001.01.17 21:17 A C:\my webs\MY WEBS\RIVIERA\_themes\cactus\cacupe.gif --> ftp.srv.net /home/mdbird/RIVIERA/_themes/cactus cacupe.gif
2001.01.17 21:17 A C:\my webs\MY WEBS\RIVIERA\_themes\cactus\cacuph.gif --> ftp.srv.net /home/mdbird/RIVIERA/_themes/cactus cacuph.gif
2001.01.17 21:17 A C:\my webs\MY WEBS\RIVIERA\_themes\cactus\color0.css --> ftp.srv.net /home/mdbird/RIVIERA/_themes/cactus color0.css
2001.01.17 21:17 A C:\my webs\MY WEBS\RIVIERA\_themes\cactus\color1.css --> ftp.srv.net /home/mdbird/RIVIERA/_themes/cactus color1.css
2001.01.17 21:17 A C:\my webs\MY WEBS\RIVIERA\_themes\cactus\custom.css --> ftp.srv.net /home/mdbird/RIVIERA/_themes/cactus custom.css
2001.01.17 21:17 A C:\my webs\MY WEBS\RIVIERA\_themes\cactus\graph0.css --> ftp.srv.net /home/mdbird/RIVIERA/_themes/cactus graph0.css
2001.01.17 21:17 A C:\my webs\MY WEBS\RIVIERA\_themes\cactus\graph1.css --> ftp.srv.net /home/mdbird/RIVIERA/_themes/cactus graph1.css
2001.01.17 21:17 A C:\my webs\MY WEBS\RIVIERA\_themes\cactus\theme.css --> ftp.srv.net /home/mdbird/RIVIERA/_themes/cactus theme.css
2001.01.17 21:17 A C:\my webs\MY WEBS\RIVIERA\_themes\cactus\WS_FTP.LOG --> ftp.srv.net /home/mdbird/RIVIERA/_themes/cactus WS_FTP.LOG
2001.01.17 21:17 A C:\my webs\MY WEBS\RIVIERA\_themes\cactus\xferlog.txt --> ftp.srv.net /home/mdbird/RIVIERA/_themes/cactus xferlog.txt
2001.01.17 21:43 B C:\my webs\MY WEBS\RIVIERA\_themes\cactus\cacbana.gif --> ftp.srv.net /home/mdbird/_themes/cactus cacbana.gif
2001.01.17 21:43 B C:\my webs\MY WEBS\RIVIERA\_themes\cactus\cacband.gif --> ftp.srv.net /home/mdbird/_themes/cactus cacband.gif
2001.01.17 21:43 B C:\my webs\MY WEBS\RIVIERA\_themes\cactus\cacbul1a.gif --> ftp.srv.net /home/mdbird/_themes/cactus cacbul1a.gif
2001.01.17 21:43 B C:\my webs\MY WEBS\RIVIERA\_themes\cactus\cacbul1d.gif --> ftp.srv.net /home/mdbird/_themes/cactus cacbul1d.gif
2001.01.17 21:43 B C:\my webs\MY WEBS\RIVIERA\_themes\cactus\cacbul2a.gif --> ftp.srv.net /home/mdbird/_themes/cactus cacbul2a.gif
2001.01.17 21:43 B C:\my webs\MY WEBS\RIVIERA\_themes\cactus\cacbul2d.gif --> ftp.srv.net /home/mdbird/_themes/cactus cacbul2d.gif
2001.01.17 21:43 B C:\my webs\MY WEBS\RIVIERA\_themes\cactus\cacbul3a.gif --> ftp.srv.net /home/mdbird/_themes/cactus cacbul3a.gif
2001.01.17 21:44 B C:\my webs\MY WEBS\RIVIERA\_themes\cactus\cacbul3d.gif --> ftp.srv.net /home/mdbird/_themes/cactus cacbul3d.gif
2001.01.17 21:44 B C:\my webs\MY WEBS\RIVIERA\_themes\cactus\cacglobd.gif --> ftp.srv.net /home/mdbird/_themes/cactus cacglobd.gif
2001.01.17 21:44 B C:\my webs\MY WEBS\RIVIERA\_themes\cactus\cachoma.gif --> ftp.srv.net /home/mdbird/_themes/cactus cachoma.gif
2001.01.17 21:44 B C:\my webs\MY WEBS\RIVIERA\_themes\cactus\cachomd.gif --> ftp.srv.net /home/mdbird/_themes/cactus cachomd.gif
2001.01.17 21:44 B C:\my webs\MY WEBS\RIVIERA\_themes\cactus\cachome.gif --> ftp.srv.net /home/mdbird/_themes/cactus cachome.gif
2001.01.17 21:44 B C:\my webs\MY WEBS\RIVIERA\_themes\cactus\cachomh.gif --> ftp.srv.net /home/mdbird/_themes/cactus cachomh.gif
2001.01.17 21:44 B C:\my webs\MY WEBS\RIVIERA\_themes\cactus\cacnavha.gif --> ftp.srv.net /home/mdbird/_themes/cactus cacnavha.gif
2001.01.17 21:44 B C:\my webs\MY WEBS\RIVIERA\_themes\cactus\cacnavhd.gif --> ftp.srv.net /home/mdbird/_themes/cactus cacnavhd.gif
2001.01.17 21:44 B C:\my webs\MY WEBS\RIVIERA\_themes\cactus\cacnavhe.gif --> ftp.srv.net /home/mdbird/_themes/cactus cacnavhe.gif
2001.01.17 21:44 B C:\my webs\MY WEBS\RIVIERA\_themes\cactus\cacnavhh.gif --> ftp.srv.net /home/mdbird/_themes/cactus cacnavhh.gif
2001.01.17 21:44 B C:\my webs\MY WEBS\RIVIERA\_themes\cactus\cacnavhs.gif --> ftp.srv.net /home/mdbird/_themes/cactus cacnavhs.gif
2001.01.17 21:44 B C:\my webs\MY WEBS\RIVIERA\_themes\cactus\cacnavva.gif --> ftp.srv.net /home/mdbird/_themes/cactus cacnavva.gif
2001.01.17 21:44 B C:\my webs\MY WEBS\RIVIERA\_themes\cactus\cacnavvd.gif --> ftp.srv.net /home/mdbird/_themes/cactus cacnavvd.gif
2001.01.17 21:44 B C:\my webs\MY WEBS\RIVIERA\_themes\cactus\cacnavve.gif --> ftp.srv.net /home/mdbird/_themes/cactus cacnavve.gif
2001.01.17 21:44 B C:\my webs\MY WEBS\RIVIERA\_themes\cactus\cacnavvh.gif --> ftp.srv.net /home/mdbird/_themes/cactus cacnavvh.gif
2001.01.17 21:44 B C:\my webs\MY WEBS\RIVIERA\_themes\cactus\cacnavvs.gif --> ftp.srv.net /home/mdbird/_themes/cactus cacnavvs.gif
2001.01.17 21:44 B C:\my webs\MY WEBS\RIVIERA\_themes\cactus\cacnxta.gif --> ftp.srv.net /home/mdbird/_themes/cactus cacnxta.gif
2001.01.17 21:44 B C:\my webs\MY WEBS\RIVIERA\_themes\cactus\cacnxtd.gif --> ftp.srv.net /home/mdbird/_themes/cactus cacnxtd.gif
2001.01.17 21:44 B C:\my webs\MY WEBS\RIVIERA\_themes\cactus\cacnxte.gif --> ftp.srv.net /home/mdbird/_themes/cactus cacnxte.gif
2001.01.17 21:44 B C:\my webs\MY WEBS\RIVIERA\_themes\cactus\cacnxth.gif --> ftp.srv.net /home/mdbird/_themes/cactus cacnxth.gif
2001.01.17 21:44 B C:\my webs\MY WEBS\RIVIERA\_themes\cactus\cacprea.gif --> ftp.srv.net /home/mdbird/_themes/cactus cacprea.gif
2001.01.17 21:44 B C:\my webs\MY WEBS\RIVIERA\_themes\cactus\cacpred.gif --> ftp.srv.net /home/mdbird/_themes/cactus cacpred.gif
2001.01.17 21:44 B C:\my webs\MY WEBS\RIVIERA\_themes\cactus\cacpree.gif --> ftp.srv.net /home/mdbird/_themes/cactus cacpree.gif
2001.01.17 21:44 B C:\my webs\MY WEBS\RIVIERA\_themes\cactus\cacpreh.gif --> ftp.srv.net /home/mdbird/_themes/cactus cacpreh.gif
2001.01.17 21:44 B C:\my webs\MY WEBS\RIVIERA\_themes\cactus\cacrulea.gif --> ftp.srv.net /home/mdbird/_themes/cactus cacrulea.gif
2001.01.17 21:44 B C:\my webs\MY WEBS\RIVIERA\_themes\cactus\cacruled.gif --> ftp.srv.net /home/mdbird/_themes/cactus cacruled.gif
2001.01.17 21:44 B C:\my webs\MY WEBS\RIVIERA\_themes\cactus\cactus.inf --> ftp.srv.net /home/mdbird/_themes/cactus cactus.inf
2001.01.17 21:44 B C:\my webs\MY WEBS\RIVIERA\_themes\cactus\cactus.utf8 --> ftp.srv.net /home/mdbird/_themes/cactus cactus.utf8
2001.01.17 21:44 B C:\my webs\MY WEBS\RIVIERA\_themes\cactus\cactxtr.gif --> ftp.srv.net /home/mdbird/_themes/cactus cactxtr.gif
2001.01.17 21:44 B C:\my webs\MY WEBS\RIVIERA\_themes\cactus\cacupa.gif --> ftp.srv.net /home/mdbird/_themes/cactus cacupa.gif
2001.01.17 21:44 B C:\my webs\MY WEBS\RIVIERA\_themes\cactus\cacupd.gif --> ftp.srv.net /home/mdbird/_themes/cactus cacupd.gif
2001.01.17 21:44 B C:\my webs\MY WEBS\RIVIERA\_themes\cactus\cacupe.gif --> ftp.srv.net /home/mdbird/_themes/cactus cacupe.gif
2001.01.17 21:44 B C:\my webs\MY WEBS\RIVIERA\_themes\cactus\cacuph.gif --> ftp.srv.net /home/mdbird/_themes/cactus cacuph.gif
2001.01.17 21:44 B C:\my webs\MY WEBS\RIVIERA\_themes\cactus\color0.css --> ftp.srv.net /home/mdbird/_themes/cactus color0.css
2001.01.17 21:44 B C:\my webs\MY WEBS\RIVIERA\_themes\cactus\color1.css --> ftp.srv.net /home/mdbird/_themes/cactus color1.css
2001.01.17 21:44 B C:\my webs\MY WEBS\RIVIERA\_themes\cactus\custom.css --> ftp.srv.net /home/mdbird/_themes/cactus custom.css
2001.01.17 21:44 B C:\my webs\MY WEBS\RIVIERA\_themes\cactus\graph0.css --> ftp.srv.net /home/mdbird/_themes/cactus graph0.css
2001.01.17 21:44 B C:\my webs\MY WEBS\RIVIERA\_themes\cactus\graph1.css --> ftp.srv.net /home/mdbird/_themes/cactus graph1.css
2001.01.17 21:44 B C:\my webs\MY WEBS\RIVIERA\_themes\cactus\theme.css --> ftp.srv.net /home/mdbird/_themes/cactus theme.css
2001.01.17 21:44 B C:\my webs\MY WEBS\RIVIERA\_themes\cactus\WS_FTP.LOG --> ftp.srv.net /home/mdbird/_themes/cactus WS_FTP.LOG
2001.01.17 21:44 A C:\my webs\MY WEBS\RIVIERA\_themes\cactus\xferlog.txt --> ftp.srv.net /home/mdbird/_themes/cactus xferlog.txt
2001.01.18 10:49 B C:\my webs\MY WEBS\RIVIERA\_themes\cactus\WS_FTP.LOG --> ftp.srv.net /home/mdbird/_themes/cactus WS_FTP.LOG
2001.01.18 10:58 B C:\my webs\MY WEBS\RIVIERA\_themes\cactus\WS_FTP.LOG --> ftp.srv.net /home/mdbird/_themes/cactus WS_FTP.LOG
2001.01.18 10:58 B C:\my webs\MY WEBS\RIVIERA\_themes\cactus\xferlog.txt --> ftp.srv.net /home/mdbird/_themes/cactus xferlog.txt
